Using pre-set license
Built from '2020.2/staging' branch; Version is '2020.2.6f1 (8a2143876886) revision 9052483'; Using compiler version '192528614'; Build Type 'Release'
OS: 'Windows 10 Home Single Language; OS build 19041.546; Version 2004; 64bit' Language: 'pt' Physical Memory: 6081 MB
BatchMode: 1, IsHumanControllingUs: 0, StartBugReporterOnCrash: 0, Is64bit: 1, IsPro: 0

 COMMAND LINE ARGUMENTS:
C:\Program Files\Unity\Hub\Editor\2020.2.6f1\Editor\Unity.exe
-adb2
-batchMode
-noUpm
-name
AssetImportWorker0
-projectPath
C:/Users/André Delorme/_dev/Unity/MultiplayerBasic
-logFile
Logs/AssetImportWorker0.log
-srvPort
50884
Successfully changed project path to: C:/Users/André Delorme/_dev/Unity/MultiplayerBasic
C:/Users/André Delorme/_dev/Unity/MultiplayerBasic
Using Asset Import Pipeline V2.
Refreshing native plugins compatible for Editor in 66.42 ms, found 1 plugins.
Preloading 0 native plugins for Editor in 0.00 ms.
Initialize engine version: 2020.2.6f1 (8a2143876886)
[Subsystems] Discovering subsystems at path C:/Program Files/Unity/Hub/Editor/2020.2.6f1/Editor/Data/Resources/UnitySubsystems
[Subsystems] Discovering subsystems at path C:/Users/André Delorme/_dev/Unity/MultiplayerBasic/Assets
GfxDevice: creating device client; threaded=0
Direct3D:
    Version:  Direct3D 11.0 [level 11.1]
    Renderer: AMD Radeon (TM) 625 (ID=0x6900)
    Vendor:   
    VRAM:     2038 MB
    Driver:   27.20.1030.1
Initialize mono
Mono path[0] = 'C:/Program Files/Unity/Hub/Editor/2020.2.6f1/Editor/Data/Managed'
Mono path[1] = 'C:/Program Files/Unity/Hub/Editor/2020.2.6f1/Editor/Data/MonoBleedingEdge/lib/mono/unityjit'
Mono config path = 'C:/Program Files/Unity/Hub/Editor/2020.2.6f1/Editor/Data/MonoBleedingEdge/etc'
Using monoOptions --debugger-agent=transport=dt_socket,embedding=1,server=y,suspend=n,address=127.0.0.1:56856
Begin MonoManager ReloadAssembly
Registering precompiled unity dll's ...
Register platform support module: C:/Program Files/Unity/Hub/Editor/2020.2.6f1/Editor/Data/PlaybackEngines/WindowsStandaloneSupport/UnityEditor.WindowsStandalone.Extensions.dll
Registered in 0.004670 seconds.
Native extension for WindowsStandalone target not found
Refreshing native plugins compatible for Editor in 53.20 ms, found 1 plugins.
Preloading 0 native plugins for Editor in 0.00 ms.
Invoked RoslynAnalysisRunner static constructor.
RoslynAnalysisRunner will not be running.
RoslynAnalysisRunner has terminated.
Mono: successfully reloaded assembly
- Completed reload, in  5.581 seconds
Platform modules already initialized, skipping
Registering precompiled user dll's ...
Registered in 0.005488 seconds.
Begin MonoManager ReloadAssembly
Native extension for WindowsStandalone target not found
Refreshing native plugins compatible for Editor in 47.69 ms, found 1 plugins.
Preloading 0 native plugins for Editor in 0.00 ms.
Invoked RoslynAnalysisRunner static constructor.
RoslynAnalysisRunner will not be running.
RoslynAnalysisRunner has terminated.
Mono: successfully reloaded assembly
- Completed reload, in  1.136 seconds
Platform modules already initialized, skipping
========================================================================
Worker process is ready to serve import requests
Launched and connected shader compiler UnityShaderCompiler.exe after 0.07 seconds
Refreshing native plugins compatible for Editor in 0.55 ms, found 1 plugins.
Preloading 0 native plugins for Editor in 0.00 ms.
Unloading 2018 Unused Serialized files (Serialized files now loaded: 0)
System memory in use before: 91.6 MB.
System memory in use after: 91.5 MB.

Unloading 30 unused Assets to reduce memory usage. Loaded Objects now: 2454.
Total: 3.143100 ms (FindLiveObjects: 0.320000 ms CreateObjectMapping: 0.147100 ms MarkObjects: 2.478300 ms  DeleteObjects: 0.196000 ms)

========================================================================
Received Import Request.
  path: Assets/Photon/PhotonUnityNetworking/Resources/PhotonServerSettings.asset
  artifactKey: Guid(fe9a0161e9d34df45b213a3421e550c1) Importer(815301076,1909f56bfc062723c751e8b465ee728b)
Start importing Assets/Photon/PhotonUnityNetworking/Resources/PhotonServerSettings.asset using Guid(fe9a0161e9d34df45b213a3421e550c1) Importer(815301076,1909f56bfc062723c751e8b465ee728b)  -> (artifact id: 'f452e572c6ec62df226bfbf41a9ae58c') in 0.037291 seconds
  Import took 0.041147 seconds .

========================================================================
Received Import Request.
  Time since last request: 410.773951 seconds.
  path: Assets/Photon/PhotonUnityNetworking/Resources/New Folder
  artifactKey: Guid(577513481640bd145af594730f9636d2) Importer(815301076,1909f56bfc062723c751e8b465ee728b)
Start importing Assets/Photon/PhotonUnityNetworking/Resources/New Folder using Guid(577513481640bd145af594730f9636d2) Importer(815301076,1909f56bfc062723c751e8b465ee728b)  -> (artifact id: 'dc49cfdc65e7628766b53a2cf2d6658c') in 0.008118 seconds
  Import took 0.013609 seconds .

========================================================================
Received Import Request.
  Time since last request: 15.281462 seconds.
  path: Assets/Scripts
  artifactKey: Guid(d9d9b14ee7c56e44c89d69f2f07a26a7) Importer(815301076,1909f56bfc062723c751e8b465ee728b)
Start importing Assets/Scripts using Guid(d9d9b14ee7c56e44c89d69f2f07a26a7) Importer(815301076,1909f56bfc062723c751e8b465ee728b)  -> (artifact id: '2158cb270dd1f140b4561e0de8accf34') in 0.005722 seconds
  Import took 0.011711 seconds .

========================================================================
Received Import Request.
  Time since last request: 36.034191 seconds.
  path: Assets/Scripts/Launcher.cs
  artifactKey: Guid(49c016bd1f3ac27469e03bed55ff3e69) Importer(815301076,1909f56bfc062723c751e8b465ee728b)
Start importing Assets/Scripts/Launcher.cs using Guid(49c016bd1f3ac27469e03bed55ff3e69) Importer(815301076,1909f56bfc062723c751e8b465ee728b)  -> (artifact id: 'c70594af23012fe1e46a2c64756c08ef') in 0.022357 seconds
  Import took 0.028376 seconds .

========================================================================
Received Prepare
Registering precompiled user dll's ...
Registered in 0.003376 seconds.
Begin MonoManager ReloadAssembly
Native extension for WindowsStandalone target not found
Refreshing native plugins compatible for Editor in 0.51 ms, found 1 plugins.
Preloading 0 native plugins for Editor in 0.00 ms.
Invoked RoslynAnalysisRunner static constructor.
RoslynAnalysisRunner will not be running.
RoslynAnalysisRunner has terminated.
Mono: successfully reloaded assembly
- Completed reload, in  1.008 seconds
Platform modules already initialized, skipping
Refreshing native plugins compatible for Editor in 0.67 ms, found 1 plugins.
Preloading 0 native plugins for Editor in 0.00 ms.
Unloading 2013 Unused Serialized files (Serialized files now loaded: 0)
System memory in use before: 91.5 MB.
System memory in use after: 91.5 MB.

Unloading 17 unused Assets to reduce memory usage. Loaded Objects now: 2459.
Total: 3.480900 ms (FindLiveObjects: 0.288700 ms CreateObjectMapping: 0.076300 ms MarkObjects: 2.954300 ms  DeleteObjects: 0.159700 ms)

========================================================================
Received Prepare
Registering precompiled user dll's ...
Registered in 0.006900 seconds.
Begin MonoManager ReloadAssembly
Native extension for WindowsStandalone target not found
Refreshing native plugins compatible for Editor in 0.53 ms, found 1 plugins.
Preloading 0 native plugins for Editor in 0.00 ms.
Invoked RoslynAnalysisRunner static constructor.
RoslynAnalysisRunner will not be running.
RoslynAnalysisRunner has terminated.
Mono: successfully reloaded assembly
- Completed reload, in  1.083 seconds
Platform modules already initialized, skipping
Refreshing native plugins compatible for Editor in 0.51 ms, found 1 plugins.
Preloading 0 native plugins for Editor in 0.00 ms.
Unloading 2013 Unused Serialized files (Serialized files now loaded: 0)
System memory in use before: 91.5 MB.
System memory in use after: 91.5 MB.

Unloading 17 unused Assets to reduce memory usage. Loaded Objects now: 2463.
Total: 3.499700 ms (FindLiveObjects: 0.504600 ms CreateObjectMapping: 0.159100 ms MarkObjects: 2.679500 ms  DeleteObjects: 0.153600 ms)

========================================================================
Received Import Request.
  Time since last request: 232.409615 seconds.
  path: Assets/Scripts/Launcher.cs
  artifactKey: Guid(49c016bd1f3ac27469e03bed55ff3e69) Importer(815301076,1909f56bfc062723c751e8b465ee728b)
Start importing Assets/Scripts/Launcher.cs using Guid(49c016bd1f3ac27469e03bed55ff3e69) Importer(815301076,1909f56bfc062723c751e8b465ee728b)  -> (artifact id: '8bb2f36260d11ab27624ca03db411449') in 0.008040 seconds
  Import took 0.012059 seconds .

========================================================================
Received Prepare
Registering precompiled user dll's ...
Registered in 0.005796 seconds.
Begin MonoManager ReloadAssembly
Native extension for WindowsStandalone target not found
Refreshing native plugins compatible for Editor in 0.96 ms, found 1 plugins.
Preloading 0 native plugins for Editor in 0.00 ms.
Invoked RoslynAnalysisRunner static constructor.
RoslynAnalysisRunner will not be running.
RoslynAnalysisRunner has terminated.
Mono: successfully reloaded assembly
- Completed reload, in  1.793 seconds
Platform modules already initialized, skipping
Refreshing native plugins compatible for Editor in 0.97 ms, found 1 plugins.
Preloading 0 native plugins for Editor in 0.00 ms.
Unloading 2013 Unused Serialized files (Serialized files now loaded: 0)
System memory in use before: 91.6 MB.
System memory in use after: 91.5 MB.

Unloading 17 unused Assets to reduce memory usage. Loaded Objects now: 2467.
Total: 4.650700 ms (FindLiveObjects: 0.406700 ms CreateObjectMapping: 0.138900 ms MarkObjects: 3.912100 ms  DeleteObjects: 0.189900 ms)

========================================================================
Received Prepare
Registering precompiled user dll's ...
Registered in 0.004567 seconds.
Begin MonoManager ReloadAssembly
Native extension for WindowsStandalone target not found
Refreshing native plugins compatible for Editor in 0.95 ms, found 1 plugins.
Preloading 0 native plugins for Editor in 0.00 ms.
Invoked RoslynAnalysisRunner static constructor.
RoslynAnalysisRunner will not be running.
RoslynAnalysisRunner has terminated.
Mono: successfully reloaded assembly
- Completed reload, in  1.684 seconds
Platform modules already initialized, skipping
Refreshing native plugins compatible for Editor in 0.73 ms, found 1 plugins.
Preloading 0 native plugins for Editor in 0.00 ms.
Unloading 2013 Unused Serialized files (Serialized files now loaded: 0)
System memory in use before: 91.6 MB.
System memory in use after: 91.6 MB.

Unloading 17 unused Assets to reduce memory usage. Loaded Objects now: 2471.
Total: 4.258300 ms (FindLiveObjects: 0.448200 ms CreateObjectMapping: 0.360400 ms MarkObjects: 3.269900 ms  DeleteObjects: 0.177200 ms)

========================================================================
Received Prepare
Registering precompiled user dll's ...
Registered in 0.004433 seconds.
Begin MonoManager ReloadAssembly
Native extension for WindowsStandalone target not found
Refreshing native plugins compatible for Editor in 0.70 ms, found 1 plugins.
Preloading 0 native plugins for Editor in 0.00 ms.
Invoked RoslynAnalysisRunner static constructor.
RoslynAnalysisRunner will not be running.
RoslynAnalysisRunner has terminated.
Mono: successfully reloaded assembly
- Completed reload, in  1.169 seconds
Platform modules already initialized, skipping
Refreshing native plugins compatible for Editor in 0.57 ms, found 1 plugins.
Preloading 0 native plugins for Editor in 0.00 ms.
Unloading 2013 Unused Serialized files (Serialized files now loaded: 0)
System memory in use before: 91.6 MB.
System memory in use after: 91.6 MB.

Unloading 17 unused Assets to reduce memory usage. Loaded Objects now: 2475.
Total: 3.343300 ms (FindLiveObjects: 0.291100 ms CreateObjectMapping: 0.123700 ms MarkObjects: 2.741200 ms  DeleteObjects: 0.185400 ms)

========================================================================
Received Prepare
Registering precompiled user dll's ...
Registered in 0.009174 seconds.
Begin MonoManager ReloadAssembly
Native extension for WindowsStandalone target not found
Refreshing native plugins compatible for Editor in 0.99 ms, found 1 plugins.
Preloading 0 native plugins for Editor in 0.00 ms.
Invoked RoslynAnalysisRunner static constructor.
RoslynAnalysisRunner will not be running.
RoslynAnalysisRunner has terminated.
Mono: successfully reloaded assembly
- Completed reload, in  1.996 seconds
Platform modules already initialized, skipping
Refreshing native plugins compatible for Editor in 0.54 ms, found 1 plugins.
Preloading 0 native plugins for Editor in 0.00 ms.
Unloading 2013 Unused Serialized files (Serialized files now loaded: 0)
System memory in use before: 91.6 MB.
System memory in use after: 91.6 MB.

Unloading 17 unused Assets to reduce memory usage. Loaded Objects now: 2479.
Total: 5.053700 ms (FindLiveObjects: 0.478700 ms CreateObjectMapping: 0.222800 ms MarkObjects: 3.810100 ms  DeleteObjects: 0.539200 ms)

AssetImportWorkerClient::OnTransportError - code=2 error=End of file
